\BOOKMARK [0][-]{chapter.1}{\376\377\000I\000n\000t\000r\000o\000d\000u\000c\000t\000i\000o\000n}{}% 1
\BOOKMARK [1][-]{section.1.1}{\376\377\000B\000r\000a\000e\000s\000s\000'\000\040\000P\000a\000r\000a\000d\000o\000x}{chapter.1}% 2
\BOOKMARK [1][-]{section.1.2}{\376\377\000C\000o\000i\000n\000\040\000T\000o\000s\000s}{chapter.1}% 3
\BOOKMARK [1][-]{section.1.3}{\376\377\000M\000o\000d\000e\000l\000\040\000o\000f\000\040\000H\000e\000r\000d\000i\000n\000g}{chapter.1}% 4
\BOOKMARK [0][-]{chapter.2}{\376\377\000R\000e\000p\000r\000e\000s\000e\000n\000t\000i\000n\000g\000\040\000a\000\040\000G\000a\000m\000e}{}% 5
\BOOKMARK [1][-]{section.2.1}{\376\377\000G\000a\000m\000e\000\040\000T\000r\000e\000e}{chapter.2}% 6
\BOOKMARK [1][-]{section.2.2}{\376\377\000I\000n\000f\000o\000r\000m\000a\000t\000i\000o\000n\000\040\000S\000e\000t\000s}{chapter.2}% 7
\BOOKMARK [1][-]{section.2.3}{\376\377\000N\000o\000r\000m\000a\000l\000\040\000F\000o\000r\000m}{chapter.2}% 8
\BOOKMARK [1][-]{section.2.4}{\376\377\000S\000t\000r\000a\000t\000e\000g\000i\000e\000s}{chapter.2}% 9
\BOOKMARK [1][-]{section.2.5}{\376\377\000I\000t\000e\000r\000a\000t\000e\000d\000\040\000E\000l\000i\000m\000i\000n\000a\000t\000i\000o\000n\000\040\000o\000f\000\040\000D\000o\000m\000i\000n\000a\000t\000e\000d\000\040\000S\000t\000r\000a\000t\000e\000g\000i\000e\000s}{chapter.2}% 10
\BOOKMARK [0][-]{chapter.3}{\376\377\000N\000a\000s\000h\000\040\000E\000q\000u\000i\000l\000i\000b\000r\000i\000u\000m}{}% 11
\BOOKMARK [1][-]{section.3.1}{\376\377\000N\000a\000s\000h\000\040\000E\000q\000u\000i\000l\000i\000b\000r\000i\000u\000m\000\040\000a\000n\000d\000\040\000N\000a\000s\000h\000'\000s\000\040\000T\000h\000e\000o\000r\000e\000m}{chapter.3}% 12
\BOOKMARK [1][-]{section.3.2}{\376\377\000P\000o\000t\000e\000n\000t\000i\000a\000l\000\040\000G\000a\000m\000e\000s}{chapter.3}% 13
\BOOKMARK [1][-]{section.3.3}{\376\377\000S\000u\000p\000e\000r\000m\000o\000d\000u\000l\000a\000r\000\040\000G\000a\000m\000e\000s}{chapter.3}% 14
\BOOKMARK [0][-]{chapter.4}{\376\377\000S\000u\000b\000g\000a\000m\000e\000\040\000P\000e\000r\000f\000e\000c\000t\000\040\000N\000a\000s\000h\000\040\000E\000q\000u\000i\000l\000i\000b\000r\000i\000u\000m}{}% 15
\BOOKMARK [1][-]{section.4.1}{\376\377\000D\000e\000f\000i\000n\000i\000t\000i\000o\000n\000s\000\040\000a\000n\000d\000\040\000E\000x\000i\000s\000t\000e\000n\000c\000e}{chapter.4}% 16
\BOOKMARK [1][-]{section.4.2}{\376\377\000S\000u\000b\000g\000a\000m\000e\000\040\000P\000e\000r\000f\000e\000c\000t\000i\000o\000n}{chapter.4}% 17
\BOOKMARK [0][-]{chapter.5}{\376\377\000T\000w\000o\000-\000P\000e\000r\000s\000o\000n\000\040\000b\000a\000r\000g\000a\000i\000n\000i\000n\000g}{}% 18
\BOOKMARK [1][-]{section.5.1}{\376\377\000N\000a\000s\000h\000\040\000B\000a\000r\000g\000a\000i\000n\000i\000n\000g\000\040\000S\000o\000l\000u\000t\000i\000o\000n}{chapter.5}% 19
\BOOKMARK [1][-]{section.5.2}{\376\377\000D\000i\000v\000i\000d\000i\000n\000g\000\040\000a\000\040\000D\000o\000l\000l\000a\000r}{chapter.5}% 20
\BOOKMARK [1][-]{section.5.3}{\376\377\000A\000l\000t\000e\000r\000n\000a\000t\000i\000n\000g\000\040\000O\000f\000f\000e\000r\000\040\000M\000o\000d\000e\000l}{chapter.5}% 21
\BOOKMARK [1][-]{section.5.4}{\376\377\000U\000n\000e\000q\000u\000a\000l\000\040\000D\000i\000s\000c\000o\000u\000n\000t\000i\000n\000g}{chapter.5}% 22
\BOOKMARK [0][-]{chapter.6}{\376\377\000P\000r\000i\000v\000a\000t\000e\000\040\000V\000a\000l\000u\000e\000\040\000A\000u\000c\000t\000i\000o\000n\000s}{}% 23
\BOOKMARK [1][-]{section.6.1}{\376\377\000S\000e\000c\000o\000n\000d\000\040\000P\000r\000i\000c\000e\000\040\000S\000e\000a\000l\000e\000d\000\040\000B\000i\000d\000\040\000A\000u\000c\000t\000i\000o\000n\000\040\000\050\000S\000P\000A\000\051}{chapter.6}% 24
\BOOKMARK [1][-]{section.6.2}{\376\377\000F\000i\000r\000s\000t\000\040\000P\000r\000i\000c\000e\000\040\000S\000e\000a\000l\000e\000d\000\040\000B\000i\000d\000\040\000A\000u\000c\000t\000i\000o\000n\000\040\000\050\000F\000P\000A\000\051}{chapter.6}% 25
\BOOKMARK [1][-]{section.6.3}{\376\377\000R\000e\000s\000e\000r\000v\000e\000\040\000P\000r\000i\000c\000e\000s}{chapter.6}% 26
\BOOKMARK [1][-]{section.6.4}{\376\377\000R\000e\000v\000e\000n\000u\000e\000\040\000E\000q\000u\000i\000v\000a\000l\000e\000n\000c\000e\000\040\000T\000h\000e\000o\000r\000e\000m}{chapter.6}% 27
\BOOKMARK [1][-]{section.6.5}{\376\377\000R\000i\000s\000k\000\040\000A\000t\000t\000i\000t\000u\000d\000e\000\040\000a\000n\000d\000\040\000t\000h\000e\000\040\000B\000r\000e\000a\000k\000d\000o\000w\000n\000\040\000o\000f\000\040\000R\000e\000v\000e\000n\000u\000e\000\040\000E\000q\000u\000i\000v\000a\000l\000e\000n\000c\000e}{chapter.6}% 28
\BOOKMARK [0][-]{chapter.7}{\376\377\000T\000h\000e\000\040\000R\000e\000v\000e\000l\000a\000t\000i\000o\000n\000\040\000P\000r\000i\000n\000c\000i\000p\000l\000e\000\040\000a\000n\000d\000\040\000M\000e\000c\000h\000a\000n\000i\000s\000m\000\040\000D\000e\000s\000i\000g\000n}{}% 29
\BOOKMARK [1][-]{section.7.1}{\376\377\000D\000i\000r\000e\000c\000t\000\040\000M\000e\000c\000h\000a\000n\000i\000s\000m\000\040\000a\000n\000d\000\040\000R\000e\000v\000e\000l\000a\000t\000i\000o\000n\000\040\000P\000r\000i\000n\000c\000i\000p\000l\000e}{chapter.7}% 30
\BOOKMARK [1][-]{section.7.2}{\376\377\000O\000p\000t\000i\000m\000a\000l\000\040\000M\000e\000c\000h\000a\000n\000i\000s\000m\000\040\000D\000e\000s\000i\000g\000n\000\040\000\050\000M\000y\000e\000r\000s\000o\000n\000,\000\040\0001\0009\0008\0001\000\051}{chapter.7}% 31
\BOOKMARK [0][-]{chapter.8}{\376\377\000T\000h\000e\000\040\000V\000i\000c\000k\000r\000e\000y\000-\000C\000l\000a\000r\000k\000e\000-\000G\000r\000o\000v\000e\000s\000\040\000\050\000V\000C\000G\000\051\000\040\000M\000e\000c\000h\000a\000n\000i\000s\000m}{}% 32
\BOOKMARK [1][-]{section.8.1}{\376\377\000T\000h\000e\000\040\000G\000e\000n\000e\000r\000a\000l\000\040\000V\000C\000G\000\040\000F\000r\000a\000m\000e\000w\000o\000r\000k}{chapter.8}% 33
\BOOKMARK [1][-]{section.8.2}{\376\377\000T\000r\000u\000t\000h\000-\000t\000e\000l\000l\000i\000n\000g\000\040\000i\000n\000\040\000V\000C\000G}{chapter.8}% 34
\BOOKMARK [1][-]{section.8.3}{\376\377\000V\000C\000G\000\040\000M\000a\000x\000i\000m\000i\000z\000e\000s\000\040\000R\000e\000v\000e\000n\000u\000e\000\040\000A\000m\000o\000n\000g\000\040\000E\000f\000f\000i\000c\000i\000e\000n\000t\000\040\000M\000e\000c\000h\000a\000n\000i\000s\000m\000s}{chapter.8}% 35
\BOOKMARK [1][-]{section.8.4}{\376\377\000B\000u\000d\000g\000e\000t\000\040\000B\000a\000l\000a\000n\000c\000e\000\040\000a\000n\000d\000\040\000t\000h\000e\000\040\000A\000G\000V\000\040\000M\000e\000c\000h\000a\000n\000i\000s\000m}{chapter.8}% 36
\BOOKMARK [0][-]{chapter.9}{\376\377\000M\000a\000t\000c\000h\000i\000n\000g\000\040\000T\000h\000e\000o\000r\000y}{}% 37
\BOOKMARK [1][-]{section.9.1}{\376\377\000T\000h\000e\000\040\000H\000o\000u\000s\000i\000n\000g\000\040\000M\000a\000r\000k\000e\000t\000:\000\040\000A\000l\000l\000o\000c\000a\000t\000i\000o\000n\000\040\000w\000i\000t\000h\000\040\000E\000n\000d\000o\000w\000m\000e\000n\000t\000s}{chapter.9}% 38
\BOOKMARK [1][-]{section.9.2}{\376\377\000T\000h\000e\000\040\000A\000s\000s\000i\000g\000n\000m\000e\000n\000t\000\040\000P\000r\000o\000b\000l\000e\000m\000:\000\040\000A\000l\000l\000o\000c\000a\000t\000i\000o\000n\000\040\000w\000i\000t\000h\000o\000u\000t\000\040\000E\000n\000d\000o\000w\000m\000e\000n\000t\000s}{chapter.9}% 39
\BOOKMARK [1][-]{section.9.3}{\376\377\000T\000w\000o\000-\000S\000i\000d\000e\000d\000\040\000M\000a\000t\000c\000h\000i\000n\000g}{chapter.9}% 40
\BOOKMARK [1][-]{section.9.4}{\376\377\000T\000h\000e\000\040\000B\000o\000s\000t\000o\000n\000\040\000M\000e\000c\000h\000a\000n\000i\000s\000m\000\040\000\050\000I\000m\000m\000e\000d\000i\000a\000t\000e\000\040\000A\000c\000c\000e\000p\000t\000a\000n\000c\000e\000\051}{chapter.9}% 41
\BOOKMARK [0][-]{chapter.10}{\376\377\000C\000o\000m\000m\000o\000n\000\040\000K\000n\000o\000w\000l\000e\000d\000g\000e}{}% 42
\BOOKMARK [1][-]{section.10.1}{\376\377\000M\000o\000t\000i\000v\000a\000t\000i\000n\000g\000\040\000E\000x\000a\000m\000p\000l\000e\000:\000\040\000T\000h\000e\000\040\000C\000o\000r\000r\000u\000p\000t\000e\000d\000\040\000I\000n\000d\000u\000s\000t\000r\000y}{chapter.10}% 43
\BOOKMARK [1][-]{section.10.2}{\376\377\000F\000o\000r\000m\000a\000l\000\040\000D\000e\000f\000i\000n\000i\000t\000i\000o\000n}{chapter.10}% 44
\BOOKMARK [1][-]{section.10.3}{\376\377\000T\000h\000e\000\040\000C\000o\000o\000r\000d\000i\000n\000a\000t\000e\000d\000\040\000A\000t\000t\000a\000c\000k\000\040\000P\000r\000o\000b\000l\000e\000m}{chapter.10}% 45
